<?xml version="1.0" encoding="UTF-8"?>
<!-- Generated by org.testng.reporters.JUnitReportReporter -->
<testsuite hostname="DESKTOP-RQI7PRF" failures="0" tests="4" name="com.qa.opencart.tests.LoginPageTest" time="2.928" errors="0" timestamp="2024-10-23T14:46:46 IST" skipped="0">
  <testcase classname="com.qa.opencart.tests.LoginPageTest" name="loginPageTitleTest" time="0.123"/>
  <testcase classname="com.qa.opencart.tests.LoginPageTest" name="loginPageUrlTest" time="0.043"/>
  <testcase classname="com.qa.opencart.tests.LoginPageTest" name="forgotpassLinkExistTest" time="0.167"/>
  <testcase classname="com.qa.opencart.tests.LoginPageTest" name="loginTest" time="2.595"/>
</testsuite> <!-- com.qa.opencart.tests.LoginPageTest -->
