<?xml version="1.0" encoding="UTF-8"?>
<!-- Generated by org.testng.reporters.JUnitReportReporter -->
<testsuite hostname="DESKTOP-RQI7PRF" failures="0" tests="4" name="com.qa.opencart.tests.RegistrationPageTest" time="50.233" errors="0" timestamp="2024-11-21T14:23:35 IST" skipped="0">
  <testcase classname="com.qa.opencart.tests.RegistrationPageTest" name="userRegTest" time="14.428"/>
  <testcase classname="com.qa.opencart.tests.RegistrationPageTest" name="userRegTest" time="11.791"/>
  <testcase classname="com.qa.opencart.tests.RegistrationPageTest" name="userRegTest" time="12.181"/>
  <testcase classname="com.qa.opencart.tests.RegistrationPageTest" name="userRegTest" time="11.833"/>
</testsuite> <!-- com.qa.opencart.tests.RegistrationPageTest -->
