<?xml version="1.0" encoding="UTF-8"?>
<!-- Generated by org.testng.reporters.JUnitReportReporter -->
<testsuite hostname="DESKTOP-RQI7PRF" failures="0" tests="4" name="com.qa.opencart.tests.LoginPageTest" time="3.756" errors="0" timestamp="2024-12-20T13:45:37 IST" skipped="0">
  <testcase classname="com.qa.opencart.tests.LoginPageTest" name="loginPageTitleTest" time="0.144"/>
  <testcase classname="com.qa.opencart.tests.LoginPageTest" name="loginPageUrlTest" time="0.051"/>
  <testcase classname="com.qa.opencart.tests.LoginPageTest" name="forgotpassLinkExistTest" time="0.090"/>
  <testcase classname="com.qa.opencart.tests.LoginPageTest" name="loginTest" time="3.471"/>
</testsuite> <!-- com.qa.opencart.tests.LoginPageTest -->
