<?xml version="1.0" encoding="UTF-8"?>
<!-- Generated by org.testng.reporters.JUnitReportReporter -->
<testsuite hostname="DESKTOP-RQI7PRF" failures="0" tests="4" name="com.qa.opencart.tests.LoginPageTest" time="1.386" errors="0" timestamp="2024-10-22T14:14:54 IST" skipped="0">
  <testcase classname="com.qa.opencart.tests.LoginPageTest" name="loginPageTitleTest" time="0.098"/>
  <testcase classname="com.qa.opencart.tests.LoginPageTest" name="loginPageUrlTest" time="0.038"/>
  <testcase classname="com.qa.opencart.tests.LoginPageTest" name="forgotpassLinkExistTest" time="0.098"/>
  <testcase classname="com.qa.opencart.tests.LoginPageTest" name="loginTest" time="1.152"/>
</testsuite> <!-- com.qa.opencart.tests.LoginPageTest -->
