<?xml version="1.0" encoding="UTF-8"?>
<!-- Generated by org.testng.reporters.JUnitReportReporter -->
<testsuite hostname="DESKTOP-RQI7PRF" failures="0" tests="4" name="com.qa.opencart.tests.RegistrationPageTest" time="85.569" errors="0" timestamp="2024-11-28T11:28:33 IST" skipped="0">
  <testcase classname="com.qa.opencart.tests.RegistrationPageTest" name="userRegTest" time="17.933"/>
  <testcase classname="com.qa.opencart.tests.RegistrationPageTest" name="userRegTest" time="33.511"/>
  <testcase classname="com.qa.opencart.tests.RegistrationPageTest" name="userRegTest" time="14.238"/>
  <testcase classname="com.qa.opencart.tests.RegistrationPageTest" name="userRegTest" time="19.887"/>
</testsuite> <!-- com.qa.opencart.tests.RegistrationPageTest -->
