<?xml version="1.0" encoding="UTF-8"?>
<!-- Generated by org.testng.reporters.JUnitReportReporter -->
<testsuite hostname="DESKTOP-RQI7PRF" failures="0" tests="4" name="com.qa.opencart.tests.LoginPageTest" time="0.845" errors="0" timestamp="2024-10-21T14:23:27 IST" skipped="0">
  <testcase classname="com.qa.opencart.tests.LoginPageTest" name="loginPageTitleTest" time="0.100"/>
  <testcase classname="com.qa.opencart.tests.LoginPageTest" name="loginPageUrlTest" time="0.019"/>
  <testcase classname="com.qa.opencart.tests.LoginPageTest" name="forgotpassLinkExistTest" time="0.085"/>
  <testcase classname="com.qa.opencart.tests.LoginPageTest" name="loginTest" time="0.641"/>
</testsuite> <!-- com.qa.opencart.tests.LoginPageTest -->
